<?xml version="1.0" encoding="UTF-8"?>
<testng-results ignored="0" total="1" passed="1" failed="0" skipped="0">
  <reporter-output>
  </reporter-output>
  <suite started-at="2023-08-20T18:26:27 IST" name="Default suite" finished-at="2023-08-20T18:26:32 IST" duration-ms="5201">
    <groups>
    </groups>
    <test started-at="2023-08-20T18:26:27 IST" name="Default test" finished-at="2023-08-20T18:26:32 IST" duration-ms="5201">
      <class name="tests.rest.GetDetails">
        <test-method is-config="true" signature="beforeSuite()[pri:0, instance:tests.rest.GetDetails@57bc27f5]" started-at="2023-08-20T18:26:27 IST" name="beforeSuite" finished-at="2023-08-20T18:26:27 IST" duration-ms="695" status="PASS">
          <reporter-output>
          </reporter-output>
        </test-method> <!-- beforeSuite -->
        <test-method is-config="true" signature="setValues()[pri:0, instance:tests.rest.GetDetails@57bc27f5]" started-at="2023-08-20T18:26:27 IST" name="setValues" finished-at="2023-08-20T18:26:27 IST" duration-ms="1" status="PASS">
          <reporter-output>
          </reporter-output>
        </test-method> <!-- setValues -->
        <test-method is-config="true" signature="beforeClass()[pri:0, instance:tests.rest.GetDetails@57bc27f5]" started-at="2023-08-20T18:26:27 IST" name="beforeClass" finished-at="2023-08-20T18:26:27 IST" duration-ms="0" status="PASS">
          <reporter-output>
          </reporter-output>
        </test-method> <!-- beforeClass -->
        <test-method is-config="true" signature="beforeMethod()[pri:0, instance:tests.rest.GetDetails@57bc27f5]" started-at="2023-08-20T18:26:27 IST" name="beforeMethod" finished-at="2023-08-20T18:26:27 IST" duration-ms="6" status="PASS">
          <reporter-output>
          </reporter-output>
        </test-method> <!-- beforeMethod -->
        <test-method signature="createIncident(java.io.File)[pri:0, instance:tests.rest.GetDetails@57bc27f5]" started-at="2023-08-20T18:26:27 IST" name="createIncident" data-provider="fetchData" finished-at="2023-08-20T18:26:32 IST" duration-ms="5157" status="PASS">
          <params>
            <param index="0">
              <value>
                <![CDATA[.\data\TC001.JSON]]>
              </value>
            </param>
          </params>
          <reporter-output>
          </reporter-output>
        </test-method> <!-- createIncident -->
        <test-method is-config="true" signature="afterMethod()[pri:0, instance:tests.rest.GetDetails@57bc27f5]" started-at="2023-08-20T18:26:32 IST" name="afterMethod" finished-at="2023-08-20T18:26:32 IST" duration-ms="1" status="PASS">
          <reporter-output>
          </reporter-output>
        </test-method> <!-- afterMethod -->
        <test-method is-config="true" signature="afterSuite()[pri:0, instance:tests.rest.GetDetails@57bc27f5]" started-at="2023-08-20T18:26:32 IST" name="afterSuite" finished-at="2023-08-20T18:26:33 IST" duration-ms="310" status="PASS">
          <reporter-output>
          </reporter-output>
        </test-method> <!-- afterSuite -->
      </class> <!-- tests.rest.GetDetails -->
    </test> <!-- Default test -->
  </suite> <!-- Default suite -->
</testng-results>
